<?xml version="1.0" encoding="UTF-8"?>
<testsuite xmlns:xsi="http://www.w3.org/2001/XMLSchema-instance" xsi:noNamespaceSchemaLocation="https://maven.apache.org/surefire/maven-surefire-plugin/xsd/surefire-test-report-3.0.xsd" version="3.0" name="com.ericross.dealership.controllers.VehicleIntakeControllerTest" time="1.56" tests="3" errors="0" skipped="0" failures="0">
  <properties>
[...]
</properties>
  <testcase name="addCar_happyPath_addsSingleCarAndCorrectSummaryTotalWithAdditionalFields" classname="com.ericross.dealership.controllers.VehicleIntakeControllerTest" time="0.073">
    <system-out><![CDATA[
  .   ____          _            __ _ _
 /\\ / ___'_ __ _ _(_)_ __  __ _ \ \ \ \
( ( )\___ | '_ | '_| | '_ \/ _` | \ \ \ \
 \\/  ___)| |_)| | | | | || (_| |  ) ) ) )
  '  |____| .__|_| |_|_| |_\__, | / / / /
 =========|_|==============|___/=/_/_/_/
 :: Spring Boot ::                (v3.2.0)

2026-03-10T17:55:30.769-04:00  INFO 16336 --- [           main] c.e.d.c.VehicleIntakeControllerTest      : Starting VehicleIntakeControllerTest using Java 21.0.8 with PID 16336 (started by ericross in /Users/ericross/Documents/futureBagg/git/PatternsInterview/Dealership)
2026-03-10T17:55:30.770-04:00  INFO 16336 --- [           main] c.e.d.c.VehicleIntakeControllerTest      : No active profile set, falling back to 1 default profile: "default"
2026-03-10T17:55:31.028-04:00  INFO 16336 --- [           main] .s.d.r.c.RepositoryConfigurationDelegate : Bootstrapping Spring Data JPA repositories in DEFAULT mode.
2026-03-10T17:55:31.035-04:00  INFO 16336 --- [           main] .s.d.r.c.RepositoryConfigurationDelegate : Finished Spring Data repository scanning in 4 ms. Found 0 JPA repository interfaces.
2026-03-10T17:55:31.198-04:00  INFO 16336 --- [           main] com.zaxxer.hikari.HikariDataSource       : HikariPool-1 - Starting...
2026-03-10T17:55:31.292-04:00  INFO 16336 --- [           main] com.zaxxer.hikari.pool.HikariPool        : HikariPool-1 - Added connection org.postgresql.jdbc.PgConnection@41404aa2
2026-03-10T17:55:31.292-04:00  INFO 16336 --- [           main] com.zaxxer.hikari.HikariDataSource       : HikariPool-1 - Start completed.
2026-03-10T17:55:31.325-04:00  INFO 16336 --- [           main] o.f.c.internal.license.VersionPrinter    : Flyway Community Edition 9.22.3 by Redgate
2026-03-10T17:55:31.325-04:00  INFO 16336 --- [           main] o.f.c.internal.license.VersionPrinter    : See release notes here: https://rd.gt/416ObMi
2026-03-10T17:55:31.325-04:00  INFO 16336 --- [           main] o.f.c.internal.license.VersionPrinter    : 
2026-03-10T17:55:31.326-04:00 DEBUG 16336 --- [           main] o.f.c.i.s.classpath.ClassPathScanner     : Scanning for classpath resources at 'classpath:db/callback' ...
2026-03-10T17:55:31.326-04:00 DEBUG 16336 --- [           main] o.f.c.i.s.classpath.ClassPathScanner     : Determining location urls for classpath:db/callback using ClassLoader jdk.internal.loader.ClassLoaders$AppClassLoader@2c854dc5 ...
2026-03-10T17:55:31.326-04:00 DEBUG 16336 --- [           main] o.f.c.i.s.classpath.ClassPathScanner     : Unable to resolve location classpath:db/callback.
2026-03-10T17:55:31.326-04:00 DEBUG 16336 --- [           main] o.f.c.i.s.classpath.ClassPathScanner     : Scanning for classpath resources at 'classpath:db/migration' ...
2026-03-10T17:55:31.326-04:00 DEBUG 16336 --- [           main] o.f.c.i.s.classpath.ClassPathScanner     : Determining location urls for classpath:db/migration using ClassLoader jdk.internal.loader.ClassLoaders$AppClassLoader@2c854dc5 ...
2026-03-10T17:55:31.326-04:00 DEBUG 16336 --- [           main] o.f.c.i.s.classpath.ClassPathScanner     : Scanning URL: file:/Users/ericross/Documents/futureBagg/git/PatternsInterview/Dealership/target/classes/db/migration
2026-03-10T17:55:31.327-04:00 DEBUG 16336 --- [           main] i.s.c.FileSystemClassPathLocationScanner : Scanning starting at classpath root in filesystem: /Users/ericross/Documents/futureBagg/git/PatternsInterview/Dealership/target/classes/
2026-03-10T17:55:31.327-04:00 DEBUG 16336 --- [           main] i.s.c.FileSystemClassPathLocationScanner : Scanning for resources in path: /Users/ericross/Documents/futureBagg/git/PatternsInterview/Dealership/target/classes/db/migration (db/migration)
2026-03-10T17:55:31.327-04:00 DEBUG 16336 --- [           main] o.f.c.i.s.classpath.ClassPathScanner     : Found resource: db/migration/V1__init.sql
2026-03-10T17:55:31.327-04:00 DEBUG 16336 --- [           main] o.f.c.i.s.classpath.ClassPathScanner     : Found resource: db/migration/V2__seed_cars.sql
2026-03-10T17:55:31.327-04:00 DEBUG 16336 --- [           main] o.f.c.i.s.classpath.ClassPathScanner     : Scanning for classes at classpath:db/migration
2026-03-10T17:55:31.328-04:00 DEBUG 16336 --- [           main] o.f.c.i.resource.ResourceNameValidator   : Validating V1__init.sql
2026-03-10T17:55:31.329-04:00 DEBUG 16336 --- [           main] o.f.c.i.resource.ResourceNameValidator   : Validating V2__seed_cars.sql
2026-03-10T17:55:31.332-04:00  INFO 16336 --- [           main] org.flywaydb.core.FlywayExecutor         : Database: jdbc:postgresql://localhost:55432/dealership (PostgreSQL 16.10)
2026-03-10T17:55:31.332-04:00 DEBUG 16336 --- [           main] org.flywaydb.core.FlywayExecutor         : Driver: PostgreSQL JDBC Driver 42.6.0
2026-03-10T17:55:31.332-04:00 DEBUG 16336 --- [           main] org.flywaydb.core.FlywayExecutor         : DDL Transactions Supported: true
2026-03-10T17:55:31.333-04:00 DEBUG 16336 --- [           main] o.f.c.i.s.SchemaHistoryFactory           : Schemas: 
2026-03-10T17:55:31.333-04:00 DEBUG 16336 --- [           main] o.f.c.i.s.SchemaHistoryFactory           : Default schema: null
2026-03-10T17:55:31.337-04:00  WARN 16336 --- [           main] o.f.c.internal.database.base.Database    : Flyway upgrade recommended: PostgreSQL 16.10 is newer than this version of Flyway and support has not been tested. The latest supported version of PostgreSQL is 15.
2026-03-10T17:55:31.337-04:00 DEBUG 16336 --- [           main] o.f.c.i.c.SqlScriptCallbackFactory       : Scanning for SQL callbacks ...
2026-03-10T17:55:31.346-04:00 DEBUG 16336 --- [           main] o.f.core.internal.command.DbValidate     : Validating migrations ...
2026-03-10T17:55:31.350-04:00 DEBUG 16336 --- [           main] o.f.core.internal.scanner.Scanner        : Filtering out resource: db/migration/V1__init.sql (filename: V1__init.sql)
2026-03-10T17:55:31.350-04:00 DEBUG 16336 --- [           main] o.f.core.internal.scanner.Scanner        : Filtering out resource: db/migration/V2__seed_cars.sql (filename: V2__seed_cars.sql)
2026-03-10T17:55:31.350-04:00 DEBUG 16336 --- [           main] o.f.core.internal.scanner.Scanner        : Filtering out resource: db/migration/V1__init.sql (filename: V1__init.sql)
2026-03-10T17:55:31.350-04:00 DEBUG 16336 --- [           main] o.f.core.internal.scanner.Scanner        : Filtering out resource: db/migration/V2__seed_cars.sql (filename: V2__seed_cars.sql)
2026-03-10T17:55:31.367-04:00  INFO 16336 --- [           main] o.f.core.internal.command.DbValidate     : Successfully validated 2 migrations (execution time 00:00.019s)
2026-03-10T17:55:31.368-04:00 DEBUG 16336 --- [           main] o.f.core.internal.command.DbSchemas      : Skipping creation of existing schema: "public"
2026-03-10T17:55:31.391-04:00  INFO 16336 --- [           main] o.f.core.internal.command.DbMigrate      : Current version of schema "public": 2
2026-03-10T17:55:31.392-04:00  INFO 16336 --- [           main] o.f.core.internal.command.DbMigrate      : Schema "public" is up to date. No migration necessary.
2026-03-10T17:55:31.394-04:00 DEBUG 16336 --- [           main] org.flywaydb.core.FlywayExecutor         : Memory usage: 24 of 90M
2026-03-10T17:55:31.432-04:00  INFO 16336 --- [           main] o.hibernate.jpa.internal.util.LogHelper  : HHH000204: Processing PersistenceUnitInfo [name: default]
2026-03-10T17:55:31.459-04:00  INFO 16336 --- [           main] org.hibernate.Version                    : HHH000412: Hibernate ORM core version 6.3.1.Final
2026-03-10T17:55:31.472-04:00  INFO 16336 --- [           main] o.h.c.internal.RegionFactoryInitiator    : HHH000026: Second-level cache disabled
2026-03-10T17:55:31.512-04:00  INFO 16336 --- [           main] o.s.o.j.p.SpringPersistenceUnitInfo      : No LoadTimeWeaver setup: ignoring JPA class transformer
2026-03-10T17:55:31.718-04:00  INFO 16336 --- [           main] o.h.e.t.j.p.i.JtaPlatformInitiator       : HHH000489: No JTA platform available (set 'hibernate.transaction.jta.platform' to enable JTA platform integration)
2026-03-10T17:55:31.720-04:00  INFO 16336 --- [           main] j.LocalContainerEntityManagerFactoryBean : Initialized JPA EntityManagerFactory for persistence unit 'default'
2026-03-10T17:55:31.806-04:00  WARN 16336 --- [           main] JpaBaseConfiguration$JpaWebConfiguration : spring.jpa.open-in-view is enabled by default. Therefore, database queries may be performed during view rendering. Explicitly configure spring.jpa.open-in-view to disable this warning
2026-03-10T17:55:31.945-04:00  INFO 16336 --- [           main] o.s.b.t.m.w.SpringBootMockServletContext : Initializing Spring TestDispatcherServlet ''
2026-03-10T17:55:31.945-04:00  INFO 16336 --- [           main] o.s.t.web.servlet.TestDispatcherServlet  : Initializing Servlet ''
2026-03-10T17:55:31.945-04:00  INFO 16336 --- [           main] o.s.t.web.servlet.TestDispatcherServlet  : Completed initialization in 0 ms
2026-03-10T17:55:31.979-04:00  INFO 16336 --- [           main] c.e.d.c.VehicleIntakeControllerTest      : Started VehicleIntakeControllerTest in 1.363 seconds (process running for 2.664)
]]></system-out>
  </testcase>
  <testcase name="addCar_happyPath_addsSingleCarAndReturnsCorrectSummaryTotal" classname="com.ericross.dealership.controllers.VehicleIntakeControllerTest" time="0.003"/>
  <testcase name="addCars_happyPath_addsMultipleCarsAndCorrectSummaryTotal" classname="com.ericross.dealership.controllers.VehicleIntakeControllerTest" time="0.002"/>
</testsuite>